Using pre-set license
Built from '2020.3/release' branch; Version is '2020.3.15f2 (6cf78cb77498) revision 7141260'; Using compiler version '192528614'; Build Type 'Release'
OS: 'Windows 10 Pro; OS build 22000.100; Version 2009; 64bit' Language: 'en' Physical Memory: 16296 MB
BatchMode: 1, IsHumanControllingUs: 0, StartBugReporterOnCrash: 0, Is64bit: 1, IsPro: 0

 COMMAND LINE ARGUMENTS:
C:\Program Files\Unity\Hub\Editor\2020.3.15f2\Editor\Unity.exe
-adb2
-batchMode
-noUpm
-name
AssetImportWorker0
-projectPath
D:/samples/UnityWorldBending/UnityWorldBending
-logFile
Logs/AssetImportWorker0.log
-srvPort
62496
Successfully changed project path to: D:/samples/UnityWorldBending/UnityWorldBending
D:/samples/UnityWorldBending/UnityWorldBending
Using Asset Import Pipeline V2.
Refreshing native plugins compatible for Editor in 80.67 ms, found 2 plugins.
Preloading 0 native plugins for Editor in 0.00 ms.
Initialize engine version: 2020.3.15f2 (6cf78cb77498)
[Subsystems] Discovering subsystems at path C:/Program Files/Unity/Hub/Editor/2020.3.15f2/Editor/Data/Resources/UnitySubsystems
[Subsystems] Discovering subsystems at path D:/samples/UnityWorldBending/UnityWorldBending/Assets
GfxDevice: creating device client; threaded=0
Direct3D:
    Version:  Direct3D 11.0 [level 11.1]
    Renderer: NVIDIA GeForce RTX 2070 SUPER (ID=0x1e84)
    Vendor:   
    VRAM:     8012 MB
    Driver:   30.0.14.7141
Initialize mono
Mono path[0] = 'C:/Program Files/Unity/Hub/Editor/2020.3.15f2/Editor/Data/Managed'
Mono path[1] = 'C:/Program Files/Unity/Hub/Editor/2020.3.15f2/Editor/Data/MonoBleedingEdge/lib/mono/unityjit'
Mono config path = 'C:/Program Files/Unity/Hub/Editor/2020.3.15f2/Editor/Data/MonoBleedingEdge/etc'
Using monoOptions --debugger-agent=transport=dt_socket,embedding=1,server=y,suspend=n,address=127.0.0.1:56760
Begin MonoManager ReloadAssembly
Registering precompiled unity dll's ...
Register platform support module: C:/Program Files/Unity/Hub/Editor/2020.3.15f2/Editor/Data/PlaybackEngines/WindowsStandaloneSupport/UnityEditor.WindowsStandalone.Extensions.dll
Registered in 0.002034 seconds.
Native extension for WindowsStandalone target not found
Refreshing native plugins compatible for Editor in 56.92 ms, found 2 plugins.
Preloading 0 native plugins for Editor in 0.00 ms.
Mono: successfully reloaded assembly
- Completed reload, in  1.000 seconds
Domain Reload Profiling:
	ReloadAssembly (1000ms)
		BeginReloadAssembly (70ms)
			ExecutionOrderSort (0ms)
			DisableScriptedObjects (0ms)
			BackupInstance (0ms)
			ReleaseScriptingObjects (0ms)
			CreateAndSetChildDomain (1ms)
		EndReloadAssembly (398ms)
			LoadAssemblies (68ms)
			RebuildTransferFunctionScriptingTraits (0ms)
			SetupTypeCache (141ms)
			ReleaseScriptCaches (0ms)
			RebuildScriptCaches (28ms)
			SetupLoadedEditorAssemblies (165ms)
				LogAssemblyErrors (0ms)
				InitializePlatformSupportModulesInManaged (3ms)
				SetLoadedEditorAssemblies (0ms)
				RefreshPlugins (57ms)
				BeforeProcessingInitializeOnLoad (12ms)
				ProcessInitializeOnLoadAttributes (68ms)
				ProcessInitializeOnLoadMethodAttributes (24ms)
				AfterProcessingInitializeOnLoad (0ms)
				EditorAssembliesLoaded (0ms)
			ExecutionOrderSort2 (0ms)
			AwakeInstancesAfterBackupRestoration (0ms)
Platform modules already initialized, skipping
Registering precompiled user dll's ...
Registered in 0.003009 seconds.
Begin MonoManager ReloadAssembly
Native extension for WindowsStandalone target not found
Refreshing native plugins compatible for Editor in 43.40 ms, found 2 plugins.
Preloading 0 native plugins for Editor in 0.00 ms.
Mono: successfully reloaded assembly
- Completed reload, in  0.987 seconds
Domain Reload Profiling:
	ReloadAssembly (987ms)
		BeginReloadAssembly (120ms)
			ExecutionOrderSort (0ms)
			DisableScriptedObjects (4ms)
			BackupInstance (0ms)
			ReleaseScriptingObjects (0ms)
			CreateAndSetChildDomain (16ms)
		EndReloadAssembly (816ms)
			LoadAssemblies (68ms)
			RebuildTransferFunctionScriptingTraits (0ms)
			SetupTypeCache (246ms)
			ReleaseScriptCaches (1ms)
			RebuildScriptCaches (42ms)
			SetupLoadedEditorAssemblies (363ms)
				LogAssemblyErrors (0ms)
				InitializePlatformSupportModulesInManaged (3ms)
				SetLoadedEditorAssemblies (0ms)
				RefreshPlugins (43ms)
				BeforeProcessingInitializeOnLoad (82ms)
				ProcessInitializeOnLoadAttributes (226ms)
				ProcessInitializeOnLoadMethodAttributes (4ms)
				AfterProcessingInitializeOnLoad (5ms)
				EditorAssembliesLoaded (0ms)
			ExecutionOrderSort2 (0ms)
			AwakeInstancesAfterBackupRestoration (6ms)
Platform modules already initialized, skipping
========================================================================
Worker process is ready to serve import requests
Shader 'Universal Render Pipeline/Particles/Lit': fallback shader 'Universal Render Pipeline/Particles/SimpleLit' not found
Shader 'Universal Render Pipeline/Particles/Lit': fallback shader 'Universal Render Pipeline/Particles/SimpleLit' not found
Launched and connected shader compiler UnityShaderCompiler.exe after 0.03 seconds
Refreshing native plugins compatible for Editor in 0.50 ms, found 2 plugins.
Preloading 0 native plugins for Editor in 0.00 ms.
Unloading 2702 Unused Serialized files (Serialized files now loaded: 0)
System memory in use before: 121.7 MB.
System memory in use after: 118.9 MB.

Unloading 54 unused Assets to reduce memory usage. Loaded Objects now: 3099.
Total: 3.415500 ms (FindLiveObjects: 0.252200 ms CreateObjectMapping: 0.068300 ms MarkObjects: 1.905300 ms  DeleteObjects: 1.188500 ms)

AssetImportParameters requested are different than current active one (requested -> active):
  custom:framework-win-MediaFoundation: 216162199b28c13a410421893ffa2e32 -> 
  custom:video-decoder-ogg-theora: a1e56fd34408186e4bbccfd4996cb3dc -> 
  custom:container-muxer-webm: aa71ff27fc2769a1b78a27578f13a17b -> 
  custom:container-demuxer-webm: 4f35f7cbe854078d1ac9338744f61a02 -> 
  custom:container-demuxer-ogg: 62fdf1f143b41e24485cea50d1cbac27 -> 
  custom:video-encoder-webm-vp8: eb34c28f22e8b96e1ab97ce403110664 -> 
  custom:video-decoder-webm-vp8: 9c59270c3fd7afecdb556c50c9e8de78 -> 
  custom:audio-decoder-ogg-vorbis: bf7c407c2cedff20999df2af8eb42d56 -> 
  custom:audio-encoder-webm-vorbis: bf7c407c2cedff20999df2af8eb42d56 -> 
========================================================================
Received Import Request.
  path: Assets/Readme.asset
  artifactKey: Guid(83c2ed844a8c74b779a4c823d16594b1) Importer(815301076,1909f56bfc062723c751e8b465ee728b)
Start importing Assets/Readme.asset using Guid(83c2ed844a8c74b779a4c823d16594b1) Importer(815301076,1909f56bfc062723c751e8b465ee728b)  -> (artifact id: '8ffd2c44ffeb50c574abb5d0c4453328') in 0.033458 seconds 
  Import took 0.037404 seconds .

========================================================================
Received Import Request.
  Time since last request: 0.722299 seconds.
  path: Assets/Readme.asset
  artifactKey: Guid(83c2ed844a8c74b779a4c823d16594b1) Importer(815301076,1909f56bfc062723c751e8b465ee728b)
Start importing Assets/Readme.asset using Guid(83c2ed844a8c74b779a4c823d16594b1) Importer(815301076,1909f56bfc062723c751e8b465ee728b)  -> (artifact id: '8ffd2c44ffeb50c574abb5d0c4453328') in 0.003356 seconds 
  Import took 0.007745 seconds .

========================================================================
Received Import Request.
  Time since last request: 70.522447 seconds.
  path: Assets/TutorialInfo
  artifactKey: Guid(49110bb8dcada46328ad741970bce702) Importer(815301076,1909f56bfc062723c751e8b465ee728b)
Start importing Assets/TutorialInfo using Guid(49110bb8dcada46328ad741970bce702) Importer(815301076,1909f56bfc062723c751e8b465ee728b)  -> (artifact id: 'de5a30219286eb2a872f2f84d66d9616') in 0.006025 seconds 
  Import took 0.009673 seconds .

========================================================================
Received Import Request.
  Time since last request: 0.321584 seconds.
  path: Assets/Settings
  artifactKey: Guid(0735c275001a2c84dafdb30deced5d8d) Importer(815301076,1909f56bfc062723c751e8b465ee728b)
Start importing Assets/Settings using Guid(0735c275001a2c84dafdb30deced5d8d) Importer(815301076,1909f56bfc062723c751e8b465ee728b)  -> (artifact id: 'cadd7ca10b5bf32e886eec457cf073a7') in 0.006721 seconds 
  Import took 0.010492 seconds .

========================================================================
Received Import Request.
  Time since last request: 0.332756 seconds.
  path: Assets/Scripts
  artifactKey: Guid(02a3527b6b33a924e8ec66aa805ea717) Importer(815301076,1909f56bfc062723c751e8b465ee728b)
Start importing Assets/Scripts using Guid(02a3527b6b33a924e8ec66aa805ea717) Importer(815301076,1909f56bfc062723c751e8b465ee728b)  -> (artifact id: 'f0a913a0049096cde5d6a727232f232f') in 0.006607 seconds 
  Import took 0.010412 seconds .

========================================================================
Received Import Request.
  Time since last request: 0.374407 seconds.
  path: Assets/Scenes
  artifactKey: Guid(1717306fac2bedb45a6659cd926fd9b5) Importer(815301076,1909f56bfc062723c751e8b465ee728b)
Start importing Assets/Scenes using Guid(1717306fac2bedb45a6659cd926fd9b5) Importer(815301076,1909f56bfc062723c751e8b465ee728b)  -> (artifact id: 'da5094e4b8fea95d18e69f52d18fcd44') in 0.006574 seconds 
  Import took 0.010255 seconds .

========================================================================
Received Import Request.
  Time since last request: 0.569904 seconds.
  path: Assets/Presets
  artifactKey: Guid(558255460b74ec04fa70b5570e9327bd) Importer(815301076,1909f56bfc062723c751e8b465ee728b)
Start importing Assets/Presets using Guid(558255460b74ec04fa70b5570e9327bd) Importer(815301076,1909f56bfc062723c751e8b465ee728b)  -> (artifact id: 'e1966229f3d7993f283b578bcf544b58') in 0.007327 seconds 
  Import took 0.011003 seconds .

========================================================================
Received Import Request.
  Time since last request: 33.253789 seconds.
  path: Assets/Materials
  artifactKey: Guid(d0234ba368eeec9418390da711bfdad0) Importer(815301076,1909f56bfc062723c751e8b465ee728b)
Start importing Assets/Materials using Guid(d0234ba368eeec9418390da711bfdad0) Importer(815301076,1909f56bfc062723c751e8b465ee728b)  -> (artifact id: 'dd1fccef896d48891410691dfde716e5') in 0.006908 seconds 
  Import took 0.010792 seconds .

========================================================================
Received Import Request.
  Time since last request: 0.069109 seconds.
  path: Assets/Materials/Skybox_Mat.mat
  artifactKey: Guid(0ffaa0b7117ba8c47a9d05ae701d4b4d) Importer(815301076,1909f56bfc062723c751e8b465ee728b)
Start importing Assets/Materials/Skybox_Mat.mat using Guid(0ffaa0b7117ba8c47a9d05ae701d4b4d) Importer(815301076,1909f56bfc062723c751e8b465ee728b)  -> (artifact id: '4d54ab3375f41efad00566dcae11def2') in 0.160574 seconds 
  Import took 0.164546 seconds .

========================================================================
Received Import Request.
  Time since last request: 3.926191 seconds.
  path: Assets
  artifactKey: Guid(00000000000000001000000000000000) Importer(815301076,1909f56bfc062723c751e8b465ee728b)
Start importing Assets using Guid(00000000000000001000000000000000) Importer(815301076,1909f56bfc062723c751e8b465ee728b)  -> (artifact id: '42d402b061de3733987d63b9cc3b64de') in 0.006678 seconds 
  Import took 0.010353 seconds .

========================================================================
Received Import Request.
  Time since last request: 3.905654 seconds.
  path: Assets/Bend
  artifactKey: Guid(557cbeca0cf57c9499d97cdb8a2176a7) Importer(815301076,1909f56bfc062723c751e8b465ee728b)
Start importing Assets/Bend using Guid(557cbeca0cf57c9499d97cdb8a2176a7) Importer(815301076,1909f56bfc062723c751e8b465ee728b)  -> (artifact id: 'fdd37a5289e96d4a12d2d6e0b77898ad') in 0.006277 seconds 
  Import took 0.010137 seconds .

========================================================================
Received Import Request.
  Time since last request: 0.000271 seconds.
  path: Assets/Bend
  artifactKey: Guid(557cbeca0cf57c9499d97cdb8a2176a7) Importer(815301076,1909f56bfc062723c751e8b465ee728b)
Start importing Assets/Bend using Guid(557cbeca0cf57c9499d97cdb8a2176a7) Importer(815301076,1909f56bfc062723c751e8b465ee728b)  -> (artifact id: 'fdd37a5289e96d4a12d2d6e0b77898ad') in 0.001864 seconds 
  Import took 0.004719 seconds .

========================================================================
Received Import Request.
  Time since last request: 10.091543 seconds.
  path: Assets/Bend/BendMat.mat
  artifactKey: Guid(576faa71f1a09af4398ff5b95ab64cae) Importer(815301076,1909f56bfc062723c751e8b465ee728b)
Start importing Assets/Bend/BendMat.mat using Guid(576faa71f1a09af4398ff5b95ab64cae) Importer(815301076,1909f56bfc062723c751e8b465ee728b)  -> (artifact id: '30a57c3b5c7fbfe29c29ae2c8d2a204d') in 0.019992 seconds 
  Import took 0.024110 seconds .

========================================================================
Received Import Request.
  Time since last request: 235.659210 seconds.
  path: Assets/Bend/BendShader.shader
  artifactKey: Guid(9fa5bc01f8baf9c45af573931a762460) Importer(815301076,1909f56bfc062723c751e8b465ee728b)
Start importing Assets/Bend/BendShader.shader using Guid(9fa5bc01f8baf9c45af573931a762460) Importer(815301076,1909f56bfc062723c751e8b465ee728b)  -> (artifact id: '9363492cded3e3cc6100e38bf233c0aa') in 0.008886 seconds 
  Import took 0.012845 seconds .

========================================================================
Received Import Request.
  Time since last request: 0.036323 seconds.
  path: Assets/Bend/BendShader.shader
  artifactKey: Guid(9fa5bc01f8baf9c45af573931a762460) Importer(815301076,1909f56bfc062723c751e8b465ee728b)
Start importing Assets/Bend/BendShader.shader using Guid(9fa5bc01f8baf9c45af573931a762460) Importer(815301076,1909f56bfc062723c751e8b465ee728b)  -> (artifact id: '9363492cded3e3cc6100e38bf233c0aa') in 0.002779 seconds 
  Import took 0.006915 seconds .

========================================================================
Received Import Request.
  Time since last request: 457.912885 seconds.
  path: Assets/Bend/BendShader.shader
  artifactKey: Guid(9fa5bc01f8baf9c45af573931a762460) Importer(815301076,1909f56bfc062723c751e8b465ee728b)
Start importing Assets/Bend/BendShader.shader using Guid(9fa5bc01f8baf9c45af573931a762460) Importer(815301076,1909f56bfc062723c751e8b465ee728b)  -> (artifact id: '18d4bb4331575bbd2efdffe9d4964e14') in 0.013608 seconds 
  Import took 0.017678 seconds .

========================================================================
Received Import Request.
  Time since last request: 0.013321 seconds.
  path: Assets/Bend/BendShader.shader
  artifactKey: Guid(9fa5bc01f8baf9c45af573931a762460) Importer(815301076,1909f56bfc062723c751e8b465ee728b)
Start importing Assets/Bend/BendShader.shader using Guid(9fa5bc01f8baf9c45af573931a762460) Importer(815301076,1909f56bfc062723c751e8b465ee728b)  -> (artifact id: '18d4bb4331575bbd2efdffe9d4964e14') in 0.004710 seconds 
  Import took 0.009561 seconds .

========================================================================
Received Import Request.
  Time since last request: 95.924986 seconds.
  path: Assets/Bend/BendShader.shader
  artifactKey: Guid(9fa5bc01f8baf9c45af573931a762460) Importer(815301076,1909f56bfc062723c751e8b465ee728b)
Start importing Assets/Bend/BendShader.shader using Guid(9fa5bc01f8baf9c45af573931a762460) Importer(815301076,1909f56bfc062723c751e8b465ee728b)  -> (artifact id: '17d77b047e09c4ec2a19b6cd7bebc1af') in 0.002930 seconds 
  Import took 0.006918 seconds .

========================================================================
Received Import Request.
  Time since last request: 6.882585 seconds.
  path: Assets/Bend/BendShader.shader
  artifactKey: Guid(9fa5bc01f8baf9c45af573931a762460) Importer(815301076,1909f56bfc062723c751e8b465ee728b)
Start importing Assets/Bend/BendShader.shader using Guid(9fa5bc01f8baf9c45af573931a762460) Importer(815301076,1909f56bfc062723c751e8b465ee728b)  -> (artifact id: 'f97867acea23b36ce2be157ff61da75c') in 0.002643 seconds 
  Import took 0.006446 seconds .

========================================================================
Received Import Request.
  Time since last request: 12.098943 seconds.
  path: Assets/Bend/BendShader.shader
  artifactKey: Guid(9fa5bc01f8baf9c45af573931a762460) Importer(815301076,1909f56bfc062723c751e8b465ee728b)
Start importing Assets/Bend/BendShader.shader using Guid(9fa5bc01f8baf9c45af573931a762460) Importer(815301076,1909f56bfc062723c751e8b465ee728b)  -> (artifact id: 'f587dc61522725bea8048be713d677ea') in 0.002838 seconds 
  Import took 0.006742 seconds .

========================================================================
Received Import Request.
  Time since last request: 461.362166 seconds.
  path: Assets/Bend/BendShader.shader
  artifactKey: Guid(9fa5bc01f8baf9c45af573931a762460) Importer(815301076,1909f56bfc062723c751e8b465ee728b)
Start importing Assets/Bend/BendShader.shader using Guid(9fa5bc01f8baf9c45af573931a762460) Importer(815301076,1909f56bfc062723c751e8b465ee728b)  -> (artifact id: '769d47fa7764e43cf990d06f100cf314') in 0.002916 seconds 
  Import took 0.007450 seconds .

========================================================================
Received Import Request.
  Time since last request: 0.002190 seconds.
  path: Assets/Bend/BendShader.shader
  artifactKey: Guid(9fa5bc01f8baf9c45af573931a762460) Importer(815301076,1909f56bfc062723c751e8b465ee728b)
Start importing Assets/Bend/BendShader.shader using Guid(9fa5bc01f8baf9c45af573931a762460) Importer(815301076,1909f56bfc062723c751e8b465ee728b)  -> (artifact id: '769d47fa7764e43cf990d06f100cf314') in 0.002850 seconds 
  Import took 0.006735 seconds .

========================================================================
Received Import Request.
  Time since last request: 37.640513 seconds.
  path: Assets/Bend/BendShader.shader
  artifactKey: Guid(9fa5bc01f8baf9c45af573931a762460) Importer(815301076,1909f56bfc062723c751e8b465ee728b)
Start importing Assets/Bend/BendShader.shader using Guid(9fa5bc01f8baf9c45af573931a762460) Importer(815301076,1909f56bfc062723c751e8b465ee728b)  -> (artifact id: '35b5c05b718cc2fb6d9ced4a511ef313') in 0.002966 seconds 
  Import took 0.007315 seconds .

========================================================================
Received Import Request.
  Time since last request: 0.020199 seconds.
  path: Assets/Bend/BendShader.shader
  artifactKey: Guid(9fa5bc01f8baf9c45af573931a762460) Importer(815301076,1909f56bfc062723c751e8b465ee728b)
Start importing Assets/Bend/BendShader.shader using Guid(9fa5bc01f8baf9c45af573931a762460) Importer(815301076,1909f56bfc062723c751e8b465ee728b)  -> (artifact id: '35b5c05b718cc2fb6d9ced4a511ef313') in 0.003015 seconds 
  Import took 0.006767 seconds .

========================================================================
Received Import Request.
  Time since last request: 286.364453 seconds.
  path: Assets/Bend/BendShader.shader
  artifactKey: Guid(9fa5bc01f8baf9c45af573931a762460) Importer(815301076,1909f56bfc062723c751e8b465ee728b)
Start importing Assets/Bend/BendShader.shader using Guid(9fa5bc01f8baf9c45af573931a762460) Importer(815301076,1909f56bfc062723c751e8b465ee728b)  -> (artifact id: '5e6bf369f38bafcd834af41df285dabb') in 0.002818 seconds 
  Import took 0.007227 seconds .

========================================================================
Received Import Request.
  Time since last request: 0.018139 seconds.
  path: Assets/Bend/BendShader.shader
  artifactKey: Guid(9fa5bc01f8baf9c45af573931a762460) Importer(815301076,1909f56bfc062723c751e8b465ee728b)
Start importing Assets/Bend/BendShader.shader using Guid(9fa5bc01f8baf9c45af573931a762460) Importer(815301076,1909f56bfc062723c751e8b465ee728b)  -> (artifact id: '5e6bf369f38bafcd834af41df285dabb') in 0.003614 seconds 
  Import took 0.008566 seconds .

========================================================================
Received Import Request.
  Time since last request: 236.982226 seconds.
  path: Assets/Bend/BendMat.mat
  artifactKey: Guid(576faa71f1a09af4398ff5b95ab64cae) Importer(815301076,1909f56bfc062723c751e8b465ee728b)
Start importing Assets/Bend/BendMat.mat using Guid(576faa71f1a09af4398ff5b95ab64cae) Importer(815301076,1909f56bfc062723c751e8b465ee728b)  -> (artifact id: '2c6156cca7a5df438cb7a5f763c479ee') in 0.013471 seconds 
  Import took 0.017719 seconds .

========================================================================
Received Import Request.
  Time since last request: 1.528647 seconds.
  path: Assets/Bend/BendShader.shader
  artifactKey: Guid(9fa5bc01f8baf9c45af573931a762460) Importer(815301076,1909f56bfc062723c751e8b465ee728b)
Start importing Assets/Bend/BendShader.shader using Guid(9fa5bc01f8baf9c45af573931a762460) Importer(815301076,1909f56bfc062723c751e8b465ee728b)  -> (artifact id: '2789e6ae3bd82c41fac9a646bc4f3420') in 0.002778 seconds 
  Import took 0.006559 seconds .

========================================================================
Received Import Request.
  Time since last request: 0.002463 seconds.
  path: Assets/Bend/BendShader.shader
  artifactKey: Guid(9fa5bc01f8baf9c45af573931a762460) Importer(815301076,1909f56bfc062723c751e8b465ee728b)
Start importing Assets/Bend/BendShader.shader using Guid(9fa5bc01f8baf9c45af573931a762460) Importer(815301076,1909f56bfc062723c751e8b465ee728b)  -> (artifact id: '2789e6ae3bd82c41fac9a646bc4f3420') in 0.003054 seconds 
  Import took 0.007308 seconds .

========================================================================
Received Prepare
Registering precompiled user dll's ...
Registered in 0.002463 seconds.
Begin MonoManager ReloadAssembly
Native extension for WindowsStandalone target not found
Refreshing native plugins compatible for Editor in 0.58 ms, found 2 plugins.
Preloading 0 native plugins for Editor in 0.00 ms.
Mono: successfully reloaded assembly
- Completed reload, in  0.943 seconds
Domain Reload Profiling:
	ReloadAssembly (944ms)
		BeginReloadAssembly (106ms)
			ExecutionOrderSort (0ms)
			DisableScriptedObjects (5ms)
			BackupInstance (0ms)
			ReleaseScriptingObjects (0ms)
			CreateAndSetChildDomain (32ms)
		EndReloadAssembly (787ms)
			LoadAssemblies (69ms)
			RebuildTransferFunctionScriptingTraits (0ms)
			SetupTypeCache (246ms)
			ReleaseScriptCaches (1ms)
			RebuildScriptCaches (35ms)
			SetupLoadedEditorAssemblies (312ms)
				LogAssemblyErrors (0ms)
				InitializePlatformSupportModulesInManaged (3ms)
				SetLoadedEditorAssemblies (0ms)
				RefreshPlugins (1ms)
				BeforeProcessingInitializeOnLoad (74ms)
				ProcessInitializeOnLoadAttributes (226ms)
				ProcessInitializeOnLoadMethodAttributes (3ms)
				AfterProcessingInitializeOnLoad (4ms)
				EditorAssembliesLoaded (0ms)
			ExecutionOrderSort2 (0ms)
			AwakeInstancesAfterBackupRestoration (12ms)
Platform modules already initialized, skipping
Shader 'Universal Render Pipeline/Particles/Lit': fallback shader 'Universal Render Pipeline/Particles/SimpleLit' not found
Shader 'Universal Render Pipeline/Particles/Lit': fallback shader 'Universal Render Pipeline/Particles/SimpleLit' not found
Refreshing native plugins compatible for Editor in 0.54 ms, found 2 plugins.
Preloading 0 native plugins for Editor in 0.00 ms.
Unloading 2628 Unused Serialized files (Serialized files now loaded: 0)
System memory in use before: 123.7 MB.
System memory in use after: 120.9 MB.

Unloading 49 unused Assets to reduce memory usage. Loaded Objects now: 3181.
Total: 3.606900 ms (FindLiveObjects: 0.366600 ms CreateObjectMapping: 0.097900 ms MarkObjects: 1.982300 ms  DeleteObjects: 1.158800 ms)

AssetImportParameters requested are different than current active one (requested -> active):
  custom:framework-win-MediaFoundation: 216162199b28c13a410421893ffa2e32 -> 
  custom:video-decoder-ogg-theora: a1e56fd34408186e4bbccfd4996cb3dc -> 
  custom:container-muxer-webm: aa71ff27fc2769a1b78a27578f13a17b -> 
  custom:container-demuxer-webm: 4f35f7cbe854078d1ac9338744f61a02 -> 
  custom:container-demuxer-ogg: 62fdf1f143b41e24485cea50d1cbac27 -> 
  custom:video-encoder-webm-vp8: eb34c28f22e8b96e1ab97ce403110664 -> 
  custom:video-decoder-webm-vp8: 9c59270c3fd7afecdb556c50c9e8de78 -> 
  custom:audio-decoder-ogg-vorbis: bf7c407c2cedff20999df2af8eb42d56 -> 
  custom:audio-encoder-webm-vorbis: bf7c407c2cedff20999df2af8eb42d56 -> 
AssetImportWorkerClient::OnTransportError - code=2 error=End of file
